<?xml version="1.0" encoding="UTF-8"?>
<!-- Generated by org.testng.reporters.JUnitReportReporter -->
<testsuite hostname="Ananth-Vicky" failures="0" tests="1" name="newMytrip.saucelabs.Saucelab_1" time="17.672" errors="0" timestamp="2022-02-17T16:35:36 IST" skipped="0">
  <testcase classname="newMytrip.saucelabs.Saucelab_1" name="chromeopt" time="17.672"/>
  <system-out/>
</testsuite> <!-- newMytrip.saucelabs.Saucelab_1 -->
